<?xml version="1.0" encoding="UTF-8"?>
<testng-results skipped="0" failed="0" ignored="0" total="1" passed="1">
  <reporter-output>
  </reporter-output>
  <suite name="Surefire suite" duration-ms="23530" started-at="2021-09-08T00:23:21 IST" finished-at="2021-09-08T00:23:44 IST">
    <groups>
    </groups>
    <test name="Surefire test" duration-ms="23530" started-at="2021-09-08T00:23:21 IST" finished-at="2021-09-08T00:23:44 IST">
      <class name="com.restapi.assignment.bookingapi.AppTest">
        <test-method status="PASS" signature="shouldAnswerWithTrue()" name="shouldAnswerWithTrue" duration-ms="8" started-at="2021-09-08T00:23:21 IST" finished-at="2021-09-08T00:23:21 IST">
          <reporter-output>
          </reporter-output>
        </test-method> <!-- shouldAnswerWithTrue -->
      </class> <!-- com.restapi.assignment.bookingapi.AppTest -->
    </test> <!-- Surefire test -->
  </suite> <!-- Surefire suite -->
</testng-results>
